2021-12-03 01:27:43.223 Player 50 est le chiffre choisie par la machine 

2021-12-03 01:27:43.240 simulation faux, essaye encore !  
2021-12-03 01:27:43.241 Player c est plus petit ! 

2021-12-03 01:27:43.241 Player 24 est le chiffre choisie par la machine 

2021-12-03 01:27:43.241 simulation faux, essaye encore !  
2021-12-03 01:27:43.242 Player c est plus petit ! 

2021-12-03 01:27:43.242 Player 11 est le chiffre choisie par la machine 

2021-12-03 01:27:43.242 simulation faux, essaye encore !  
2021-12-03 01:27:43.243 Player c est plus petit ! 

2021-12-03 01:27:43.243 Player 5 est le chiffre choisie par la machine 

2021-12-03 01:27:43.244 simulation faux, essaye encore !  
2021-12-03 01:27:43.244 Player c est plus petit ! 

2021-12-03 01:27:43.245 Player 2 est le chiffre choisie par la machine 

2021-12-03 01:27:43.245 simulation faux, essaye encore !  
2021-12-03 01:27:43.245 Player c est plus petit ! 

2021-12-03 01:27:43.246 Player 0 est le chiffre choisie par la machine 

2021-12-03 01:27:43.246 simulation faux, essaye encore !  
2021-12-03 01:27:43.246 Player c est plus grand ! 

2021-12-03 01:27:43.247 Player 1 est le chiffre choisie par la machine 

2021-12-03 01:27:43.247 simulation c'est le bon chiffre bravo ! :D 
2021-12-03 01:27:43.247 simulation end 

2021-12-03 01:27:43.251 simulation bravo t'a trouvée, c'est gagnée! :D 
 Le nombre était 1
2021-12-03 01:27:43.276 simulation  sa a duree :00:00.42
